[debug] [2022-08-24T19:51:30.357Z] ----------------------------------------------------------------------
[debug] [2022-08-24T19:51:30.360Z] Command:       C:\Program Files\nodejs\node.exe C:\Users\This PC\AppData\Roaming\npm\node_modules\firebase-tools\lib\bin\firebase.js init
[debug] [2022-08-24T19:51:30.360Z] CLI Version:   11.7.0
[debug] [2022-08-24T19:51:30.360Z] Platform:      win32
[debug] [2022-08-24T19:51:30.361Z] Node Version:  v16.13.0
[debug] [2022-08-24T19:51:30.362Z] Time:          Thu Aug 25 2022 01:51:30 GMT+0600 (Bangladesh Standard Time)
[debug] [2022-08-24T19:51:30.362Z] ----------------------------------------------------------------------
[debug] 
[debug] [2022-08-24T19:51:30.434Z] > command requires scopes: ["email","openid","https://www.googleapis.com/auth/cloudplatformprojects.readonly","https://www.googleapis.com/auth/firebase","https://www.googleapis.com/auth/cloud-platform"]
[debug] [2022-08-24T19:51:30.434Z] > authorizing via signed-in user (shayem15-12011@diu.edu.bd)
[info] 
     ######## #### ########  ######## ########     ###     ######  ########
     ##        ##  ##     ## ##       ##     ##  ##   ##  ##       ##
     ######    ##  ########  ######   ########  #########  ######  ######
     ##        ##  ##    ##  ##       ##     ## ##     ##       ## ##
     ##       #### ##     ## ######## ########  ##     ##  ######  ########

You're about to initialize a Firebase project in this directory:

  E:\Defense-work-tamim\Doctor-lagbe\doctor-portal-client

Before we get started, keep in mind:

  * You are initializing within an existing Firebase project directory

